<?xml version="1.0" encoding="UTF-8"?>
<!-- Generated by org.testng.reporters.JUnitXMLReporter -->
<testsuite ignored="1" hostname="MSI" failures="1" tests="8" name="TestNGProject" time="0.476" errors="0" timestamp="2023-05-08T10:32:41 IST">
  <testcase classname="com.automation.testcases.DataDrivenTest" name="verifyLoginUnsuccessfulWithInvalidCredentials" time="0.057">
    <failure type="java.lang.AssertionError" message="expected [false] but found [true]">
      <![CDATA[java.lang.AssertionError: expected [false] but found [true]
at com.automation.testcases.DataDrivenTest.verifyLoginUnsuccessfulWithInvalidCredentials(DataDrivenTest.java:18)
at java.base/java.util.ArrayList.forEach(ArrayList.java:1541)
at com.intellij.rt.testng.IDEARemoteTestNG.run(IDEARemoteTestNG.java:66)
at com.intellij.rt.testng.RemoteTestNGStarter.main(RemoteTestNGStarter.java:109)
... Removed 31 stack frames]]>
    </failure>
  </testcase> <!-- verifyLoginUnsuccessfulWithInvalidCredentials -->
  <testcase classname="com.automation.testcases.DataDrivenTest" name="verifyLoginUnsuccessfulWithInvalidCredentials" time="0.058"/>
  <testcase classname="com.automation.testcases.DataDrivenTest" name="verifyLoginUnsuccessfulWithInvalidCredentials" time="0.001"/>
  <testcase classname="com.automation.testcases.DataDrivenTest" name="verifyLoginUnsuccessfulWithInvalidCredentials" time="0.0"/>
  <testcase classname="com.automation.testcases.DataDrivenTest" name="verifyLoginUnsuccessfulWithInvalidCredentials" time="0.0"/>
  <testcase classname="com.automation.testcases.DataDrivenTest" name="verifyLoginUnsuccessfulWithInvalidCredentials" time="0.007"/>
  <testcase classname="com.automation.testcases.DataDrivenTest" name="verifyLoginUnsuccessfulWithInvalidCredentials" time="0.001"/>
  <testcase classname="com.automation.testcases.DataDrivenTest" name="verifyLoginUnsuccessfulWithInvalidCredentials" time="0.018"/>
  <testcase classname="com.automation.testcases.DataDrivenTest" name="verifyLoginSuccessfulWithValidCred" time="0.0">
    <ignored/>
  </testcase> <!-- verifyLoginSuccessfulWithValidCred -->
</testsuite> <!-- TestNGProject -->
