<?xml version="1.0" encoding="UTF-8"?>
<!-- Generated by org.testng.reporters.JUnitXMLReporter -->
<testsuite ignored="0" hostname="MSI" failures="0" tests="9" name="Command line test" time="0.169" errors="0" timestamp="2023-05-04T08:56:34 IST">
  <testcase classname="com.automation.testcases.CartPageTest" name="verifyUserCanAddProductToCart" time="0.002"/>
  <testcase classname="com.automation.testcases.CartPageTest" name="verifyUserCanChangeQuantityOfItem" time="0.001"/>
  <testcase classname="com.automation.testcases.CartPageTest" name="verifyUserCanRemoveItemFromCart" time="0.0"/>
  <testcase classname="com.automation.testcases.LoginTest" name="verifyUserCanLogin" time="0.001"/>
  <testcase classname="com.automation.testcases.LoginTest" name="verifyUserCanResetPassword" time="0.0"/>
  <testcase classname="com.automation.testcases.LoginTest" name="verifyUserCannotLoginWithInvalidCredentials" time="0.001"/>
  <testcase classname="com.automation.testcases.SearchFunctionalityTest" name="verifyMessageWhenThereAreNoResult" time="0.001"/>
  <testcase classname="com.automation.testcases.SearchFunctionalityTest" name="verifySearchResultHasSearchKeyword" time="0.001"/>
  <testcase classname="com.automation.testcases.SearchFunctionalityTest" name="verifySearchResultsAreDisplayed" time="0.0"/>
</testsuite> <!-- Command line test -->
