<?xml version="1.0" encoding="UTF-8"?>
<!-- Generated by org.testng.reporters.JUnitXMLReporter -->
<testsuite ignored="0" hostname="MSI" failures="0" tests="6" name="OtherTest" time="24.27" errors="0" timestamp="2023-05-08T09:31:56 IST">
  <testcase classname="com.automation.testcases.CartPageTest" name="verifyUserCanAddProductToCart" time="0.0"/>
  <testcase classname="com.automation.testcases.CartPageTest" name="verifyUserCanChangeQuantityOfItem" time="0.0"/>
  <testcase classname="com.automation.testcases.CartPageTest" name="verifyUserCanRemoveItemFromCart" time="0.0">
    <skipped/>
  </testcase> <!-- verifyUserCanRemoveItemFromCart -->
  <testcase classname="com.automation.testcases.SearchFunctionalityTest" name="verifySearchResultHasSearchKeyword" time="0.005"/>
  <testcase classname="com.automation.testcases.SearchFunctionalityTest" name="verifyMessageWhenThereAreNoResult" time="0.0">
    <skipped/>
  </testcase> <!-- verifyMessageWhenThereAreNoResult -->
  <testcase classname="com.automation.testcases.SearchFunctionalityTest" name="verifySearchResultsAreDisplayed" time="0.0">
    <skipped/>
  </testcase> <!-- verifySearchResultsAreDisplayed -->
</testsuite> <!-- OtherTest -->
